* using log directory ‘/home/plaintext/GitHubs/babette/scripts/build/babette.Rcheck’
* using R version 3.4.4 (2018-03-15)
* using platform: x86_64-pc-linux-gnu (64-bit)
* using session charset: UTF-8
* using option ‘--as-cran’
* checking for file ‘babette/DESCRIPTION’ ... OK
* this is package ‘babette’ version ‘1.3’
* package encoding: UTF-8
* checking CRAN incoming feasibility ... NOTE
Maintainer: ‘Richel J.C. Bilderbeek <richel@richelbilderbeek.nl>’

New submission

Unknown, possibly mis-spelled, fields in DESCRIPTION:
  ‘Remotes’

Strong dependencies not in mainstream repositories:
  beautier, beastier, tracerer
Suggests or Enhances not in mainstream repositories:
  mauricer
* checking package namespace information ... OK
* checking package dependencies ... OK
* checking if this is a source package ... OK
* checking if there is a namespace ... OK
* checking for executable files ... OK
* checking for hidden files and directories ... OK
* checking for portable file names ... OK
* checking for sufficient/correct file permissions ... OK
* checking whether package ‘babette’ can be installed ... OK
* checking installed package size ... OK
* checking package directory ... OK
* checking ‘build’ directory ... OK
* checking DESCRIPTION meta-information ... NOTE
Authors@R field gives persons with non-standard roles:
  Joelle Barido-Sottani [rev] (Joelle reviewed the package for rOpenSci, see https://github.com/ropensci/onboarding/issues/209): rev
  David Winter [rev] (David reviewed the package for rOpenSci, see https://github.com/ropensci/onboarding/issues/209): rev
Author field differs from that derived from Authors@R
  Author:    ‘Richel J.C. Bilderbeek <richel@richelbilderbeek.nl>’
  Authors@R: ‘Richel Bilderbeek [aut, cre] (0000-0003-1107-7049), Joelle Barido-Sottani [rev] (Joelle reviewed the package for rOpenSci, see https://github.com/ropensci/onboarding/issues/209), David Winter [rev] (David reviewed the package for rOpenSci, see https://github.com/ropensci/onboarding/issues/209)’

Maintainer field differs from that derived from Authors@R
  Maintainer: ‘Richel J.C. Bilderbeek <richel@richelbilderbeek.nl>’
  Authors@R:  ‘Richel Bilderbeek <richel@richelbilderbeek.nl>’

* checking top-level files ... OK
* checking for left-over files ... OK
* checking index information ... OK
* checking package subdirectories ... OK
* checking R files for non-ASCII characters ... OK
* checking R files for syntax errors ... OK
* checking whether the package can be loaded ... OK
* checking whether the package can be loaded with stated dependencies ... OK
* checking whether the package can be unloaded cleanly ... OK
* checking whether the namespace can be loaded with stated dependencies ... OK
* checking whether the namespace can be unloaded cleanly ... OK
* checking loading without being on the library search path ... OK
* checking use of S3 registration ... OK
* checking dependencies in R code ... OK
* checking S3 generic/method consistency ... OK
* checking replacement functions ... OK
* checking foreign function calls ... OK
* checking R code for possible problems ... OK
* checking Rd files ... OK
* checking Rd metadata ... OK
* checking Rd line widths ... OK
* checking Rd cross-references ... OK
* checking for missing documentation entries ... OK
* checking for code/documentation mismatches ... OK
* checking Rd \usage sections ... OK
* checking Rd contents ... OK
* checking for unstated dependencies in examples ... OK
* checking installed files from ‘inst/doc’ ... OK
* checking files in ‘vignettes’ ... OK
* checking examples ... NOTE
Examples with CPU or elapsed time > 5s
                 user system elapsed
bbt_run        30.015  1.485  17.731
plot_densitree 13.256  0.612   8.676
* checking for unstated dependencies in vignettes ... OK
* checking package vignettes in ‘inst/doc’ ... OK
* checking re-building of vignette outputs ... OK
* checking PDF version of manual ... OK
* DONE
Status: 3 NOTEs
